<?xml version="1.0" encoding="UTF-8"?>
<!-- Generated by org.testng.reporters.JUnitReportReporter -->
<testsuite hostname="KTLKDIOT-L135" failures="0" tests="6" name="KloudqTechnologies.tests.DupAdminTestShield2" time="28.358" errors="0" timestamp="2023-09-27T16:24:32 IST" skipped="0">
  <testcase classname="KloudqTechnologies.tests.DupAdminTestShield2" name="Login" time="15.323"/>
  <testcase classname="KloudqTechnologies.tests.DupAdminTestShield2" name="Dashboard" time="13.025"/>
  <testcase classname="KloudqTechnologies.tests.DupAdminTestShield2" name="Replay" time="0.003"/>
  <testcase classname="KloudqTechnologies.tests.DupAdminTestShield2" name="Trends" time="0.002"/>
  <testcase classname="KloudqTechnologies.tests.DupAdminTestShield2" name="Administrator" time="0.003"/>
  <testcase classname="KloudqTechnologies.tests.DupAdminTestShield2" name="Reports" time="0.002"/>
</testsuite> <!-- KloudqTechnologies.tests.DupAdminTestShield2 -->
